2019-11-01 11:24:28,232 : [INFO] - File /Users/ddp/dev/bdp/stage/client2/film copy.csv_1572585490382.csv removed
2019-11-01 11:24:28,232 : [INFO] - File /Users/ddp/dev/bdp/stage/client2/film 3.csv_1572585461339.csv removed
2019-11-01 11:24:28,232 : [INFO] - File /Users/ddp/dev/bdp/stage/client2/film copy 3.csv_1572585490390.csv removed
2019-11-01 11:24:28,233 : [INFO] - File /Users/ddp/dev/bdp/stage/client2/film copy 3.csv_1572585490388.csv removed
2019-11-01 11:24:28,233 : [INFO] - File /Users/ddp/dev/bdp/stage/client2/film copy.csv_1572585490389.csv removed
2019-11-01 11:24:28,233 : [INFO] - File /Users/ddp/dev/bdp/stage/client2/film 3.csv_1572585461337.csv removed
2019-11-01 11:26:12,722 : [INFO] - File /Users/ddp/dev/bdp/stage/client2/film copy 5.csv_1572600364049_1.csv removed
2019-11-01 11:26:12,726 : [INFO] - File /Users/ddp/dev/bdp/stage/client2/film copy 3.csv_1572600364067_0.csv removed
2019-11-01 11:26:12,726 : [INFO] - File /Users/ddp/dev/bdp/stage/client2/film copy 3.csv_1572600364066_1.csv removed
2019-11-01 11:26:12,726 : [INFO] - File /Users/ddp/dev/bdp/stage/client2/film copy 5.csv_1572600364055_0.csv removed
2019-11-01 11:26:12,726 : [INFO] - File /Users/ddp/dev/bdp/stage/client2/film copy 6.csv_1572600364050_0.csv removed
2019-11-01 11:26:12,727 : [INFO] - File /Users/ddp/dev/bdp/stage/client2/film copy 4.csv_1572600364069_0.csv removed
2019-11-01 11:26:12,727 : [INFO] - File /Users/ddp/dev/bdp/stage/client2/film copy 2.csv_1572600364081_0.csv removed
2019-11-01 11:26:12,727 : [INFO] - File /Users/ddp/dev/bdp/stage/client2/film copy 7.csv_1572600364048_1.csv removed
2019-11-01 11:26:12,728 : [INFO] - File /Users/ddp/dev/bdp/stage/client2/film copy 7.csv_1572600364050_0.csv removed
2019-11-01 11:26:12,729 : [INFO] - File /Users/ddp/dev/bdp/stage/client2/film copy 2.csv_1572600364080_1.csv removed
2019-11-01 11:26:12,729 : [INFO] - File /Users/ddp/dev/bdp/stage/client2/film copy 4.csv_1572600364068_1.csv removed
2019-11-01 11:26:12,730 : [INFO] - File /Users/ddp/dev/bdp/stage/client2/film copy 6.csv_1572600364042_1.csv removed
2019-11-01 11:26:23,629 : [INFO] - File /Users/ddp/dev/bdp/stage/client1/Location_Dataset copy 6.csv_1572600371960_2.csv removed
2019-11-01 11:26:23,631 : [INFO] - File /Users/ddp/dev/bdp/stage/client1/Location_Dataset copy 6.csv_1572600371959_0.csv removed
2019-11-01 11:26:23,631 : [INFO] - File /Users/ddp/dev/bdp/stage/client1/Location_Dataset copy 4.csv_1572600371948_2.csv removed
2019-11-01 11:26:23,632 : [INFO] - File /Users/ddp/dev/bdp/stage/client1/Location_Dataset copy 6.csv_1572600371961_1.csv removed
2019-11-01 11:26:23,632 : [INFO] - File /Users/ddp/dev/bdp/stage/client1/Location_Dataset copy 2.csv_1572600371985_0.csv removed
2019-11-01 11:26:23,632 : [INFO] - File /Users/ddp/dev/bdp/stage/client1/Location_Dataset copy 2.csv_1572600371989_2.csv removed
2019-11-01 11:26:23,632 : [INFO] - File /Users/ddp/dev/bdp/stage/client1/Location_Dataset copy 4.csv_1572600371947_1.csv removed
2019-11-01 11:26:23,632 : [INFO] - File /Users/ddp/dev/bdp/stage/client1/Location_Dataset copy 5.csv_1572600371971_0.csv removed
2019-11-01 11:26:23,632 : [INFO] - File /Users/ddp/dev/bdp/stage/client1/Location_Dataset copy 3.csv_1572600372013_1.csv removed
2019-11-01 11:26:23,632 : [INFO] - File /Users/ddp/dev/bdp/stage/client1/Location_Dataset copy 5.csv_1572600371973_1.csv removed
2019-11-01 11:26:23,633 : [INFO] - File /Users/ddp/dev/bdp/stage/client1/Location_Dataset copy 3.csv_1572600372011_0.csv removed
2019-11-01 11:26:23,633 : [INFO] - File /Users/ddp/dev/bdp/stage/client1/Location_Dataset copy 2.csv_1572600371991_1.csv removed
2019-11-01 11:26:23,633 : [INFO] - File /Users/ddp/dev/bdp/stage/client1/Location_Dataset copy 4.csv_1572600371944_0.csv removed
2019-11-01 11:26:23,633 : [INFO] - File /Users/ddp/dev/bdp/stage/client1/Location_Dataset copy 3.csv_1572600372012_2.csv removed
2019-11-01 11:26:23,633 : [INFO] - File /Users/ddp/dev/bdp/stage/client1/Location_Dataset copy 5.csv_1572600371972_2.csv removed
