2019-11-01 07:15:21,460 INFO [Timer-Driven Process Thread-5] o.a.n.processors.standard.LogAttribute LogAttribute[id=71f0ec92-822a-3970-3b31-6511db641deb] logging for flow file StandardFlowFileRecord[uuid=2b9c7e14-469c-4375-a554-baf2a00c0322,claim=StandardContentClaim [resourceClaim=StandardResourceClaim[id=1572585321213-1, container=default, section=1], offset=56284, length=48735],offset=0,name=film 2.csv_1572585321416,size=48735]
--------------------------------------------------
Standard FlowFile Attributes
Key: 'entryDate'
	Value: 'Fri Nov 01 07:15:21 EET 2019'
Key: 'lineageStartDate'
	Value: 'Fri Nov 01 07:15:21 EET 2019'
Key: 'fileSize'
	Value: '48735'
FlowFile Attribute Map Content
Key: 'absolute.path'
	Value: '/Users/ddp/dev/bdp/client2/'
Key: 'file.creationTime'
	Value: '2019-10-31T19:39:20+0200'
Key: 'file.group'
	Value: 'staff'
Key: 'file.lastAccessTime'
	Value: '2019-11-01T07:12:50+0200'
Key: 'file.lastModifiedTime'
	Value: '2019-10-31T19:59:06+0200'
Key: 'file.owner'
	Value: 'ddp'
Key: 'file.permissions'
	Value: 'rw-r--r--'
Key: 'filename'
	Value: 'film 2.csv_1572585321416'
Key: 'fragment.count'
	Value: '2'
Key: 'fragment.identifier'
	Value: 'e48ebc34-7faf-4ab7-bb00-ee320328fc50'
Key: 'fragment.index'
	Value: '0'
Key: 'mime.type'
	Value: 'text/csv'
Key: 'path'
	Value: '/'
Key: 'record.count'
	Value: '1500'
Key: 'segment.original.filename'
	Value: 'film 2.csv'
Key: 'uuid'
	Value: '2b9c7e14-469c-4375-a554-baf2a00c0322'
--------------------------------------------------
2019-11-01 07:15:21,466 INFO [Timer-Driven Process Thread-5] o.a.n.processors.standard.LogAttribute LogAttribute[id=71f0ec92-822a-3970-3b31-6511db641deb] logging for flow file StandardFlowFileRecord[uuid=8bc31916-da05-4bf7-a462-e51392467724,claim=StandardContentClaim [resourceClaim=StandardResourceClaim[id=1572585321390-2, container=default, section=2], offset=0, length=5917],offset=0,name=film 2.csv_1572585321430,size=5917]
--------------------------------------------------
Standard FlowFile Attributes
Key: 'entryDate'
	Value: 'Fri Nov 01 07:15:21 EET 2019'
Key: 'lineageStartDate'
	Value: 'Fri Nov 01 07:15:21 EET 2019'
Key: 'fileSize'
	Value: '5917'
FlowFile Attribute Map Content
Key: 'absolute.path'
	Value: '/Users/ddp/dev/bdp/client2/'
Key: 'file.creationTime'
	Value: '2019-10-31T19:39:20+0200'
Key: 'file.group'
	Value: 'staff'
Key: 'file.lastAccessTime'
	Value: '2019-11-01T07:12:50+0200'
Key: 'file.lastModifiedTime'
	Value: '2019-10-31T19:59:06+0200'
Key: 'file.owner'
	Value: 'ddp'
Key: 'file.permissions'
	Value: 'rw-r--r--'
Key: 'filename'
	Value: 'film 2.csv_1572585321430'
Key: 'fragment.count'
	Value: '2'
Key: 'fragment.identifier'
	Value: 'e48ebc34-7faf-4ab7-bb00-ee320328fc50'
Key: 'fragment.index'
	Value: '1'
Key: 'mime.type'
	Value: 'text/csv'
Key: 'path'
	Value: '/'
Key: 'record.count'
	Value: '159'
Key: 'segment.original.filename'
	Value: 'film 2.csv'
Key: 'uuid'
	Value: '8bc31916-da05-4bf7-a462-e51392467724'
--------------------------------------------------
2019-11-01 07:17:41,358 INFO [Timer-Driven Process Thread-3] o.a.n.processors.standard.LogAttribute LogAttribute[id=71f0ec92-822a-3970-3b31-6511db641deb] logging for flow file StandardFlowFileRecord[uuid=95494bf4-72bd-4603-b32f-a50335831773,claim=StandardContentClaim [resourceClaim=StandardResourceClaim[id=1572585321213-1, container=default, section=1], offset=105019, length=48735],offset=0,name=film 3.csv_1572585461337.csv,size=48735]
--------------------------------------------------
Standard FlowFile Attributes
Key: 'entryDate'
	Value: 'Fri Nov 01 07:17:41 EET 2019'
Key: 'lineageStartDate'
	Value: 'Fri Nov 01 07:17:41 EET 2019'
Key: 'fileSize'
	Value: '48735'
FlowFile Attribute Map Content
Key: 'absolute.path'
	Value: '/Users/ddp/dev/bdp/client2/'
Key: 'file.creationTime'
	Value: '2019-10-31T19:39:20+0200'
Key: 'file.group'
	Value: 'staff'
Key: 'file.lastAccessTime'
	Value: '2019-11-01T07:17:40+0200'
Key: 'file.lastModifiedTime'
	Value: '2019-10-31T19:59:06+0200'
Key: 'file.owner'
	Value: 'ddp'
Key: 'file.permissions'
	Value: 'rw-r--r--'
Key: 'filename'
	Value: 'film 3.csv_1572585461337.csv'
Key: 'fragment.count'
	Value: '2'
Key: 'fragment.identifier'
	Value: '25f327b5-c7b3-4b14-b762-d3b38ca4a080'
Key: 'fragment.index'
	Value: '0'
Key: 'mime.type'
	Value: 'text/csv'
Key: 'path'
	Value: '/'
Key: 'record.count'
	Value: '1500'
Key: 'segment.original.filename'
	Value: 'film 3.csv'
Key: 'uuid'
	Value: '95494bf4-72bd-4603-b32f-a50335831773'
--------------------------------------------------
2019-11-01 07:17:41,359 INFO [Timer-Driven Process Thread-3] o.a.n.processors.standard.LogAttribute LogAttribute[id=71f0ec92-822a-3970-3b31-6511db641deb] logging for flow file StandardFlowFileRecord[uuid=a26c7fb7-aa0e-48ed-8b42-a9c13de4154b,claim=StandardContentClaim [resourceClaim=StandardResourceClaim[id=1572585321390-2, container=default, section=2], offset=62201, length=5917],offset=0,name=film 3.csv_1572585461339.csv,size=5917]
--------------------------------------------------
Standard FlowFile Attributes
Key: 'entryDate'
	Value: 'Fri Nov 01 07:17:41 EET 2019'
Key: 'lineageStartDate'
	Value: 'Fri Nov 01 07:17:41 EET 2019'
Key: 'fileSize'
	Value: '5917'
FlowFile Attribute Map Content
Key: 'absolute.path'
	Value: '/Users/ddp/dev/bdp/client2/'
Key: 'file.creationTime'
	Value: '2019-10-31T19:39:20+0200'
Key: 'file.group'
	Value: 'staff'
Key: 'file.lastAccessTime'
	Value: '2019-11-01T07:17:40+0200'
Key: 'file.lastModifiedTime'
	Value: '2019-10-31T19:59:06+0200'
Key: 'file.owner'
	Value: 'ddp'
Key: 'file.permissions'
	Value: 'rw-r--r--'
Key: 'filename'
	Value: 'film 3.csv_1572585461339.csv'
Key: 'fragment.count'
	Value: '2'
Key: 'fragment.identifier'
	Value: '25f327b5-c7b3-4b14-b762-d3b38ca4a080'
Key: 'fragment.index'
	Value: '1'
Key: 'mime.type'
	Value: 'text/csv'
Key: 'path'
	Value: '/'
Key: 'record.count'
	Value: '159'
Key: 'segment.original.filename'
	Value: 'film 3.csv'
Key: 'uuid'
	Value: 'a26c7fb7-aa0e-48ed-8b42-a9c13de4154b'
--------------------------------------------------
2019-11-01 07:18:10,403 INFO [Timer-Driven Process Thread-1] o.a.n.processors.standard.LogAttribute LogAttribute[id=71f0ec92-822a-3970-3b31-6511db641deb] logging for flow file StandardFlowFileRecord[uuid=1ef68dd3-45ba-4b17-9c84-10465a651f46,claim=StandardContentClaim [resourceClaim=StandardResourceClaim[id=1572585321213-1, container=default, section=1], offset=210038, length=48735],offset=0,name=film copy.csv_1572585490382.csv,size=48735]
--------------------------------------------------
Standard FlowFile Attributes
Key: 'entryDate'
	Value: 'Fri Nov 01 07:18:10 EET 2019'
Key: 'lineageStartDate'
	Value: 'Fri Nov 01 07:18:10 EET 2019'
Key: 'fileSize'
	Value: '48735'
FlowFile Attribute Map Content
Key: 'absolute.path'
	Value: '/Users/ddp/dev/bdp/client2/'
Key: 'file.creationTime'
	Value: '2019-10-31T19:39:20+0200'
Key: 'file.group'
	Value: 'staff'
Key: 'file.lastAccessTime'
	Value: '2019-11-01T07:18:05+0200'
Key: 'file.lastModifiedTime'
	Value: '2019-10-31T19:59:06+0200'
Key: 'file.owner'
	Value: 'ddp'
Key: 'file.permissions'
	Value: 'rw-r--r--'
Key: 'filename'
	Value: 'film copy.csv_1572585490382.csv'
Key: 'fragment.count'
	Value: '2'
Key: 'fragment.identifier'
	Value: '86593e04-ec2a-4c1b-8eed-b47e5ca2bf2c'
Key: 'fragment.index'
	Value: '0'
Key: 'mime.type'
	Value: 'text/csv'
Key: 'path'
	Value: '/'
Key: 'record.count'
	Value: '1500'
Key: 'segment.original.filename'
	Value: 'film copy.csv'
Key: 'uuid'
	Value: '1ef68dd3-45ba-4b17-9c84-10465a651f46'
--------------------------------------------------
2019-11-01 07:18:10,404 INFO [Timer-Driven Process Thread-1] o.a.n.processors.standard.LogAttribute LogAttribute[id=71f0ec92-822a-3970-3b31-6511db641deb] logging for flow file StandardFlowFileRecord[uuid=f570d5f6-ae4c-441a-8230-58b0e6cd2482,claim=StandardContentClaim [resourceClaim=StandardResourceClaim[id=1572585321213-1, container=default, section=1], offset=258773, length=5917],offset=0,name=film copy 3.csv_1572585490388.csv,size=5917]
--------------------------------------------------
Standard FlowFile Attributes
Key: 'entryDate'
	Value: 'Fri Nov 01 07:18:10 EET 2019'
Key: 'lineageStartDate'
	Value: 'Fri Nov 01 07:18:10 EET 2019'
Key: 'fileSize'
	Value: '5917'
FlowFile Attribute Map Content
Key: 'absolute.path'
	Value: '/Users/ddp/dev/bdp/client2/'
Key: 'file.creationTime'
	Value: '2019-10-31T19:39:20+0200'
Key: 'file.group'
	Value: 'staff'
Key: 'file.lastAccessTime'
	Value: '2019-11-01T07:18:07+0200'
Key: 'file.lastModifiedTime'
	Value: '2019-10-31T19:59:06+0200'
Key: 'file.owner'
	Value: 'ddp'
Key: 'file.permissions'
	Value: 'rw-r--r--'
Key: 'filename'
	Value: 'film copy 3.csv_1572585490388.csv'
Key: 'fragment.count'
	Value: '2'
Key: 'fragment.identifier'
	Value: '893d4e3f-40f5-4e03-b2a9-25f1a9af5c6e'
Key: 'fragment.index'
	Value: '1'
Key: 'mime.type'
	Value: 'text/csv'
Key: 'path'
	Value: '/'
Key: 'record.count'
	Value: '159'
Key: 'segment.original.filename'
	Value: 'film copy 3.csv'
Key: 'uuid'
	Value: 'f570d5f6-ae4c-441a-8230-58b0e6cd2482'
--------------------------------------------------
2019-11-01 07:18:10,405 INFO [Timer-Driven Process Thread-1] o.a.n.processors.standard.LogAttribute LogAttribute[id=71f0ec92-822a-3970-3b31-6511db641deb] logging for flow file StandardFlowFileRecord[uuid=310dd3e0-fa06-4196-b9da-80622c745beb,claim=StandardContentClaim [resourceClaim=StandardResourceClaim[id=1572585321390-2, container=default, section=2], offset=180686, length=5917],offset=0,name=film copy.csv_1572585490389.csv,size=5917]
--------------------------------------------------
Standard FlowFile Attributes
Key: 'entryDate'
	Value: 'Fri Nov 01 07:18:10 EET 2019'
Key: 'lineageStartDate'
	Value: 'Fri Nov 01 07:18:10 EET 2019'
Key: 'fileSize'
	Value: '5917'
FlowFile Attribute Map Content
Key: 'absolute.path'
	Value: '/Users/ddp/dev/bdp/client2/'
Key: 'file.creationTime'
	Value: '2019-10-31T19:39:20+0200'
Key: 'file.group'
	Value: 'staff'
Key: 'file.lastAccessTime'
	Value: '2019-11-01T07:18:05+0200'
Key: 'file.lastModifiedTime'
	Value: '2019-10-31T19:59:06+0200'
Key: 'file.owner'
	Value: 'ddp'
Key: 'file.permissions'
	Value: 'rw-r--r--'
Key: 'filename'
	Value: 'film copy.csv_1572585490389.csv'
Key: 'fragment.count'
	Value: '2'
Key: 'fragment.identifier'
	Value: '86593e04-ec2a-4c1b-8eed-b47e5ca2bf2c'
Key: 'fragment.index'
	Value: '1'
Key: 'mime.type'
	Value: 'text/csv'
Key: 'path'
	Value: '/'
Key: 'record.count'
	Value: '159'
Key: 'segment.original.filename'
	Value: 'film copy.csv'
Key: 'uuid'
	Value: '310dd3e0-fa06-4196-b9da-80622c745beb'
--------------------------------------------------
2019-11-01 07:18:10,406 INFO [Timer-Driven Process Thread-4] o.a.n.processors.standard.LogAttribute LogAttribute[id=71f0ec92-822a-3970-3b31-6511db641deb] logging for flow file StandardFlowFileRecord[uuid=c0397564-4d66-4929-b081-5c0971d4794c,claim=StandardContentClaim [resourceClaim=StandardResourceClaim[id=1572585321390-2, container=default, section=2], offset=186603, length=48735],offset=0,name=film copy 3.csv_1572585490390.csv,size=48735]
--------------------------------------------------
Standard FlowFile Attributes
Key: 'entryDate'
	Value: 'Fri Nov 01 07:18:10 EET 2019'
Key: 'lineageStartDate'
	Value: 'Fri Nov 01 07:18:10 EET 2019'
Key: 'fileSize'
	Value: '48735'
FlowFile Attribute Map Content
Key: 'absolute.path'
	Value: '/Users/ddp/dev/bdp/client2/'
Key: 'file.creationTime'
	Value: '2019-10-31T19:39:20+0200'
Key: 'file.group'
	Value: 'staff'
Key: 'file.lastAccessTime'
	Value: '2019-11-01T07:18:07+0200'
Key: 'file.lastModifiedTime'
	Value: '2019-10-31T19:59:06+0200'
Key: 'file.owner'
	Value: 'ddp'
Key: 'file.permissions'
	Value: 'rw-r--r--'
Key: 'filename'
	Value: 'film copy 3.csv_1572585490390.csv'
Key: 'fragment.count'
	Value: '2'
Key: 'fragment.identifier'
	Value: '893d4e3f-40f5-4e03-b2a9-25f1a9af5c6e'
Key: 'fragment.index'
	Value: '0'
Key: 'mime.type'
	Value: 'text/csv'
Key: 'path'
	Value: '/'
Key: 'record.count'
	Value: '1500'
Key: 'segment.original.filename'
	Value: 'film copy 3.csv'
Key: 'uuid'
	Value: 'c0397564-4d66-4929-b081-5c0971d4794c'
--------------------------------------------------
2019-11-01 07:18:10,418 INFO [Timer-Driven Process Thread-7] o.a.n.processors.standard.LogAttribute LogAttribute[id=71f0ec92-822a-3970-3b31-6511db641deb] logging for flow file StandardFlowFileRecord[uuid=d6b8b233-b6b6-430b-82a2-98d2883917bf,claim=StandardContentClaim [resourceClaim=StandardResourceClaim[id=1572585321213-1, container=default, section=1], offset=264690, length=5917],offset=0,name=film copy 2.csv_1572585490401.csv,size=5917]
--------------------------------------------------
Standard FlowFile Attributes
Key: 'entryDate'
	Value: 'Fri Nov 01 07:18:10 EET 2019'
Key: 'lineageStartDate'
	Value: 'Fri Nov 01 07:18:10 EET 2019'
Key: 'fileSize'
	Value: '5917'
FlowFile Attribute Map Content
Key: 'absolute.path'
	Value: '/Users/ddp/dev/bdp/client2/'
Key: 'file.creationTime'
	Value: '2019-10-31T19:39:20+0200'
Key: 'file.group'
	Value: 'staff'
Key: 'file.lastAccessTime'
	Value: '2019-11-01T07:18:06+0200'
Key: 'file.lastModifiedTime'
	Value: '2019-10-31T19:59:06+0200'
Key: 'file.owner'
	Value: 'ddp'
Key: 'file.permissions'
	Value: 'rw-r--r--'
Key: 'filename'
	Value: 'film copy 2.csv_1572585490401.csv'
Key: 'fragment.count'
	Value: '2'
Key: 'fragment.identifier'
	Value: '0c3b98dc-b6f9-43c7-93da-8d440b573227'
Key: 'fragment.index'
	Value: '1'
Key: 'mime.type'
	Value: 'text/csv'
Key: 'path'
	Value: '/'
Key: 'record.count'
	Value: '159'
Key: 'segment.original.filename'
	Value: 'film copy 2.csv'
Key: 'uuid'
	Value: 'd6b8b233-b6b6-430b-82a2-98d2883917bf'
--------------------------------------------------
2019-11-01 07:18:10,420 INFO [Timer-Driven Process Thread-7] o.a.n.processors.standard.LogAttribute LogAttribute[id=71f0ec92-822a-3970-3b31-6511db641deb] logging for flow file StandardFlowFileRecord[uuid=292b027b-3411-4f37-bb0e-1f054a9c1494,claim=StandardContentClaim [resourceClaim=StandardResourceClaim[id=1572585321390-2, container=default, section=2], offset=235338, length=48735],offset=0,name=film copy 2.csv_1572585490403.csv,size=48735]
--------------------------------------------------
Standard FlowFile Attributes
Key: 'entryDate'
	Value: 'Fri Nov 01 07:18:10 EET 2019'
Key: 'lineageStartDate'
	Value: 'Fri Nov 01 07:18:10 EET 2019'
Key: 'fileSize'
	Value: '48735'
FlowFile Attribute Map Content
Key: 'absolute.path'
	Value: '/Users/ddp/dev/bdp/client2/'
Key: 'file.creationTime'
	Value: '2019-10-31T19:39:20+0200'
Key: 'file.group'
	Value: 'staff'
Key: 'file.lastAccessTime'
	Value: '2019-11-01T07:18:06+0200'
Key: 'file.lastModifiedTime'
	Value: '2019-10-31T19:59:06+0200'
Key: 'file.owner'
	Value: 'ddp'
Key: 'file.permissions'
	Value: 'rw-r--r--'
Key: 'filename'
	Value: 'film copy 2.csv_1572585490403.csv'
Key: 'fragment.count'
	Value: '2'
Key: 'fragment.identifier'
	Value: '0c3b98dc-b6f9-43c7-93da-8d440b573227'
Key: 'fragment.index'
	Value: '0'
Key: 'mime.type'
	Value: 'text/csv'
Key: 'path'
	Value: '/'
Key: 'record.count'
	Value: '1500'
Key: 'segment.original.filename'
	Value: 'film copy 2.csv'
Key: 'uuid'
	Value: '292b027b-3411-4f37-bb0e-1f054a9c1494'
--------------------------------------------------
2019-11-01 11:26:04,068 INFO [Timer-Driven Process Thread-5] o.a.n.processors.standard.LogAttribute LogAttribute[id=71f0ec92-822a-3970-3b31-6511db641deb] logging for flow file StandardFlowFileRecord[uuid=f8d67e76-aa37-4c5d-b8fe-f80544531030,claim=StandardContentClaim [resourceClaim=StandardResourceClaim[id=1572585321213-1, container=default, section=1], offset=439459, length=5917],offset=0,name=film copy 6.csv_1572600364042_1.csv,size=5917]
--------------------------------------------------
Standard FlowFile Attributes
Key: 'entryDate'
	Value: 'Fri Nov 01 11:26:04 EET 2019'
Key: 'lineageStartDate'
	Value: 'Fri Nov 01 11:26:03 EET 2019'
Key: 'fileSize'
	Value: '5917'
FlowFile Attribute Map Content
Key: 'absolute.path'
	Value: '/Users/ddp/dev/bdp/client2/'
Key: 'file.creationTime'
	Value: '2019-10-31T19:39:20+0200'
Key: 'file.group'
	Value: 'staff'
Key: 'file.lastAccessTime'
	Value: '2019-10-31T20:12:58+0200'
Key: 'file.lastModifiedTime'
	Value: '2019-10-31T19:59:06+0200'
Key: 'file.owner'
	Value: 'ddp'
Key: 'file.permissions'
	Value: 'rw-r--r--'
Key: 'filename'
	Value: 'film copy 6.csv_1572600364042_1.csv'
Key: 'fragment.count'
	Value: '2'
Key: 'fragment.identifier'
	Value: '95a16a22-04b8-473d-9b7b-3e91bbf98a20'
Key: 'fragment.index'
	Value: '1'
Key: 'mime.type'
	Value: 'text/csv'
Key: 'path'
	Value: '/'
Key: 'record.count'
	Value: '159'
Key: 'segment.original.filename'
	Value: 'film copy 6.csv'
Key: 'uuid'
	Value: 'f8d67e76-aa37-4c5d-b8fe-f80544531030'
--------------------------------------------------
2019-11-01 11:26:04,077 INFO [Timer-Driven Process Thread-5] o.a.n.processors.standard.LogAttribute LogAttribute[id=71f0ec92-822a-3970-3b31-6511db641deb] logging for flow file StandardFlowFileRecord[uuid=2667e28a-a21a-468d-b107-e596906f0946,claim=StandardContentClaim [resourceClaim=StandardResourceClaim[id=1572585321213-1, container=default, section=1], offset=445376, length=5917],offset=0,name=film copy 7.csv_1572600364048_1.csv,size=5917]
--------------------------------------------------
Standard FlowFile Attributes
Key: 'entryDate'
	Value: 'Fri Nov 01 11:26:04 EET 2019'
Key: 'lineageStartDate'
	Value: 'Fri Nov 01 11:26:03 EET 2019'
Key: 'fileSize'
	Value: '5917'
FlowFile Attribute Map Content
Key: 'absolute.path'
	Value: '/Users/ddp/dev/bdp/client2/'
Key: 'file.creationTime'
	Value: '2019-10-31T19:39:20+0200'
Key: 'file.group'
	Value: 'staff'
Key: 'file.lastAccessTime'
	Value: '2019-10-31T20:12:58+0200'
Key: 'file.lastModifiedTime'
	Value: '2019-10-31T19:59:06+0200'
Key: 'file.owner'
	Value: 'ddp'
Key: 'file.permissions'
	Value: 'rw-r--r--'
Key: 'filename'
	Value: 'film copy 7.csv_1572600364048_1.csv'
Key: 'fragment.count'
	Value: '2'
Key: 'fragment.identifier'
	Value: 'dedbe1ea-0a13-45ef-8cf8-4f5126244190'
Key: 'fragment.index'
	Value: '1'
Key: 'mime.type'
	Value: 'text/csv'
Key: 'path'
	Value: '/'
Key: 'record.count'
	Value: '159'
Key: 'segment.original.filename'
	Value: 'film copy 7.csv'
Key: 'uuid'
	Value: '2667e28a-a21a-468d-b107-e596906f0946'
--------------------------------------------------
2019-11-01 11:26:04,078 INFO [Timer-Driven Process Thread-5] o.a.n.processors.standard.LogAttribute LogAttribute[id=71f0ec92-822a-3970-3b31-6511db641deb] logging for flow file StandardFlowFileRecord[uuid=5c551237-d01c-4061-88c6-6c370aff3516,claim=StandardContentClaim [resourceClaim=StandardResourceClaim[id=1572585321213-1, container=default, section=1], offset=451293, length=5917],offset=0,name=film copy 5.csv_1572600364049_1.csv,size=5917]
--------------------------------------------------
Standard FlowFile Attributes
Key: 'entryDate'
	Value: 'Fri Nov 01 11:26:04 EET 2019'
Key: 'lineageStartDate'
	Value: 'Fri Nov 01 11:26:03 EET 2019'
Key: 'fileSize'
	Value: '5917'
FlowFile Attribute Map Content
Key: 'absolute.path'
	Value: '/Users/ddp/dev/bdp/client2/'
Key: 'file.creationTime'
	Value: '2019-10-31T19:39:20+0200'
Key: 'file.group'
	Value: 'staff'
Key: 'file.lastAccessTime'
	Value: '2019-11-01T11:26:03+0200'
Key: 'file.lastModifiedTime'
	Value: '2019-10-31T19:59:06+0200'
Key: 'file.owner'
	Value: 'ddp'
Key: 'file.permissions'
	Value: 'rw-r--r--'
Key: 'filename'
	Value: 'film copy 5.csv_1572600364049_1.csv'
Key: 'fragment.count'
	Value: '2'
Key: 'fragment.identifier'
	Value: '7231a2be-b312-4151-a1a1-bd8862f4880e'
Key: 'fragment.index'
	Value: '1'
Key: 'mime.type'
	Value: 'text/csv'
Key: 'path'
	Value: '/'
Key: 'record.count'
	Value: '159'
Key: 'segment.original.filename'
	Value: 'film copy 5.csv'
Key: 'uuid'
	Value: '5c551237-d01c-4061-88c6-6c370aff3516'
--------------------------------------------------
2019-11-01 11:26:04,079 INFO [Timer-Driven Process Thread-5] o.a.n.processors.standard.LogAttribute LogAttribute[id=71f0ec92-822a-3970-3b31-6511db641deb] logging for flow file StandardFlowFileRecord[uuid=92d62e09-8840-439f-aefd-6397d14f1366,claim=StandardContentClaim [resourceClaim=StandardResourceClaim[id=1572585321213-1, container=default, section=1], offset=457210, length=5917],offset=0,name=film copy 3.csv_1572600364066_1.csv,size=5917]
--------------------------------------------------
Standard FlowFile Attributes
Key: 'entryDate'
	Value: 'Fri Nov 01 11:26:04 EET 2019'
Key: 'lineageStartDate'
	Value: 'Fri Nov 01 11:26:03 EET 2019'
Key: 'fileSize'
	Value: '5917'
FlowFile Attribute Map Content
Key: 'absolute.path'
	Value: '/Users/ddp/dev/bdp/client2/'
Key: 'file.creationTime'
	Value: '2019-10-31T19:39:20+0200'
Key: 'file.group'
	Value: 'staff'
Key: 'file.lastAccessTime'
	Value: '2019-10-31T20:12:58+0200'
Key: 'file.lastModifiedTime'
	Value: '2019-10-31T19:59:06+0200'
Key: 'file.owner'
	Value: 'ddp'
Key: 'file.permissions'
	Value: 'rw-r--r--'
Key: 'filename'
	Value: 'film copy 3.csv_1572600364066_1.csv'
Key: 'fragment.count'
	Value: '2'
Key: 'fragment.identifier'
	Value: 'c1ed9476-5fc1-44cc-91c6-983d301916b2'
Key: 'fragment.index'
	Value: '1'
Key: 'mime.type'
	Value: 'text/csv'
Key: 'path'
	Value: '/'
Key: 'record.count'
	Value: '159'
Key: 'segment.original.filename'
	Value: 'film copy 3.csv'
Key: 'uuid'
	Value: '92d62e09-8840-439f-aefd-6397d14f1366'
--------------------------------------------------
2019-11-01 11:26:04,081 INFO [Timer-Driven Process Thread-5] o.a.n.processors.standard.LogAttribute LogAttribute[id=71f0ec92-822a-3970-3b31-6511db641deb] logging for flow file StandardFlowFileRecord[uuid=1c2e686d-b2b8-479b-bf81-628d01407e98,claim=StandardContentClaim [resourceClaim=StandardResourceClaim[id=1572585321213-1, container=default, section=1], offset=463127, length=5917],offset=0,name=film copy 4.csv_1572600364068_1.csv,size=5917]
--------------------------------------------------
Standard FlowFile Attributes
Key: 'entryDate'
	Value: 'Fri Nov 01 11:26:04 EET 2019'
Key: 'lineageStartDate'
	Value: 'Fri Nov 01 11:26:03 EET 2019'
Key: 'fileSize'
	Value: '5917'
FlowFile Attribute Map Content
Key: 'absolute.path'
	Value: '/Users/ddp/dev/bdp/client2/'
Key: 'file.creationTime'
	Value: '2019-10-31T19:39:20+0200'
Key: 'file.group'
	Value: 'staff'
Key: 'file.lastAccessTime'
	Value: '2019-10-31T20:12:58+0200'
Key: 'file.lastModifiedTime'
	Value: '2019-10-31T19:59:06+0200'
Key: 'file.owner'
	Value: 'ddp'
Key: 'file.permissions'
	Value: 'rw-r--r--'
Key: 'filename'
	Value: 'film copy 4.csv_1572600364068_1.csv'
Key: 'fragment.count'
	Value: '2'
Key: 'fragment.identifier'
	Value: '7f800f83-345a-4ea6-aae7-8ee0d1caf028'
Key: 'fragment.index'
	Value: '1'
Key: 'mime.type'
	Value: 'text/csv'
Key: 'path'
	Value: '/'
Key: 'record.count'
	Value: '159'
Key: 'segment.original.filename'
	Value: 'film copy 4.csv'
Key: 'uuid'
	Value: '1c2e686d-b2b8-479b-bf81-628d01407e98'
--------------------------------------------------
2019-11-01 11:26:04,082 INFO [Timer-Driven Process Thread-5] o.a.n.processors.standard.LogAttribute LogAttribute[id=71f0ec92-822a-3970-3b31-6511db641deb] logging for flow file StandardFlowFileRecord[uuid=cdd4adf7-db40-4430-8cd3-6d0863dcb5da,claim=StandardContentClaim [resourceClaim=StandardResourceClaim[id=1572585321390-2, container=default, section=2], offset=452925, length=48735],offset=0,name=film copy 6.csv_1572600364050_0.csv,size=48735]
--------------------------------------------------
Standard FlowFile Attributes
Key: 'entryDate'
	Value: 'Fri Nov 01 11:26:03 EET 2019'
Key: 'lineageStartDate'
	Value: 'Fri Nov 01 11:26:03 EET 2019'
Key: 'fileSize'
	Value: '48735'
FlowFile Attribute Map Content
Key: 'absolute.path'
	Value: '/Users/ddp/dev/bdp/client2/'
Key: 'file.creationTime'
	Value: '2019-10-31T19:39:20+0200'
Key: 'file.group'
	Value: 'staff'
Key: 'file.lastAccessTime'
	Value: '2019-10-31T20:12:58+0200'
Key: 'file.lastModifiedTime'
	Value: '2019-10-31T19:59:06+0200'
Key: 'file.owner'
	Value: 'ddp'
Key: 'file.permissions'
	Value: 'rw-r--r--'
Key: 'filename'
	Value: 'film copy 6.csv_1572600364050_0.csv'
Key: 'fragment.count'
	Value: '2'
Key: 'fragment.identifier'
	Value: '95a16a22-04b8-473d-9b7b-3e91bbf98a20'
Key: 'fragment.index'
	Value: '0'
Key: 'mime.type'
	Value: 'text/csv'
Key: 'path'
	Value: '/'
Key: 'record.count'
	Value: '1500'
Key: 'segment.original.filename'
	Value: 'film copy 6.csv'
Key: 'uuid'
	Value: 'cdd4adf7-db40-4430-8cd3-6d0863dcb5da'
--------------------------------------------------
2019-11-01 11:26:04,083 INFO [Timer-Driven Process Thread-5] o.a.n.processors.standard.LogAttribute LogAttribute[id=71f0ec92-822a-3970-3b31-6511db641deb] logging for flow file StandardFlowFileRecord[uuid=6de31437-a40f-4751-afce-febdc459837f,claim=StandardContentClaim [resourceClaim=StandardResourceClaim[id=1572585321390-2, container=default, section=2], offset=501660, length=48735],offset=0,name=film copy 7.csv_1572600364050_0.csv,size=48735]
--------------------------------------------------
Standard FlowFile Attributes
Key: 'entryDate'
	Value: 'Fri Nov 01 11:26:04 EET 2019'
Key: 'lineageStartDate'
	Value: 'Fri Nov 01 11:26:03 EET 2019'
Key: 'fileSize'
	Value: '48735'
FlowFile Attribute Map Content
Key: 'absolute.path'
	Value: '/Users/ddp/dev/bdp/client2/'
Key: 'file.creationTime'
	Value: '2019-10-31T19:39:20+0200'
Key: 'file.group'
	Value: 'staff'
Key: 'file.lastAccessTime'
	Value: '2019-10-31T20:12:58+0200'
Key: 'file.lastModifiedTime'
	Value: '2019-10-31T19:59:06+0200'
Key: 'file.owner'
	Value: 'ddp'
Key: 'file.permissions'
	Value: 'rw-r--r--'
Key: 'filename'
	Value: 'film copy 7.csv_1572600364050_0.csv'
Key: 'fragment.count'
	Value: '2'
Key: 'fragment.identifier'
	Value: 'dedbe1ea-0a13-45ef-8cf8-4f5126244190'
Key: 'fragment.index'
	Value: '0'
Key: 'mime.type'
	Value: 'text/csv'
Key: 'path'
	Value: '/'
Key: 'record.count'
	Value: '1500'
Key: 'segment.original.filename'
	Value: 'film copy 7.csv'
Key: 'uuid'
	Value: '6de31437-a40f-4751-afce-febdc459837f'
--------------------------------------------------
2019-11-01 11:26:04,085 INFO [Timer-Driven Process Thread-5] o.a.n.processors.standard.LogAttribute LogAttribute[id=71f0ec92-822a-3970-3b31-6511db641deb] logging for flow file StandardFlowFileRecord[uuid=a6e87b3c-64cf-4b2e-8f4f-ff803cdc7366,claim=StandardContentClaim [resourceClaim=StandardResourceClaim[id=1572585321390-2, container=default, section=2], offset=550395, length=48735],offset=0,name=film copy 5.csv_1572600364055_0.csv,size=48735]
--------------------------------------------------
Standard FlowFile Attributes
Key: 'entryDate'
	Value: 'Fri Nov 01 11:26:04 EET 2019'
Key: 'lineageStartDate'
	Value: 'Fri Nov 01 11:26:03 EET 2019'
Key: 'fileSize'
	Value: '48735'
FlowFile Attribute Map Content
Key: 'absolute.path'
	Value: '/Users/ddp/dev/bdp/client2/'
Key: 'file.creationTime'
	Value: '2019-10-31T19:39:20+0200'
Key: 'file.group'
	Value: 'staff'
Key: 'file.lastAccessTime'
	Value: '2019-11-01T11:26:03+0200'
Key: 'file.lastModifiedTime'
	Value: '2019-10-31T19:59:06+0200'
Key: 'file.owner'
	Value: 'ddp'
Key: 'file.permissions'
	Value: 'rw-r--r--'
Key: 'filename'
	Value: 'film copy 5.csv_1572600364055_0.csv'
Key: 'fragment.count'
	Value: '2'
Key: 'fragment.identifier'
	Value: '7231a2be-b312-4151-a1a1-bd8862f4880e'
Key: 'fragment.index'
	Value: '0'
Key: 'mime.type'
	Value: 'text/csv'
Key: 'path'
	Value: '/'
Key: 'record.count'
	Value: '1500'
Key: 'segment.original.filename'
	Value: 'film copy 5.csv'
Key: 'uuid'
	Value: 'a6e87b3c-64cf-4b2e-8f4f-ff803cdc7366'
--------------------------------------------------
2019-11-01 11:26:04,085 INFO [Timer-Driven Process Thread-5] o.a.n.processors.standard.LogAttribute LogAttribute[id=71f0ec92-822a-3970-3b31-6511db641deb] logging for flow file StandardFlowFileRecord[uuid=1f4b0cff-c644-4480-b2d0-c0722c84d695,claim=StandardContentClaim [resourceClaim=StandardResourceClaim[id=1572585321390-2, container=default, section=2], offset=599130, length=48735],offset=0,name=film copy 3.csv_1572600364067_0.csv,size=48735]
--------------------------------------------------
Standard FlowFile Attributes
Key: 'entryDate'
	Value: 'Fri Nov 01 11:26:04 EET 2019'
Key: 'lineageStartDate'
	Value: 'Fri Nov 01 11:26:03 EET 2019'
Key: 'fileSize'
	Value: '48735'
FlowFile Attribute Map Content
Key: 'absolute.path'
	Value: '/Users/ddp/dev/bdp/client2/'
Key: 'file.creationTime'
	Value: '2019-10-31T19:39:20+0200'
Key: 'file.group'
	Value: 'staff'
Key: 'file.lastAccessTime'
	Value: '2019-10-31T20:12:58+0200'
Key: 'file.lastModifiedTime'
	Value: '2019-10-31T19:59:06+0200'
Key: 'file.owner'
	Value: 'ddp'
Key: 'file.permissions'
	Value: 'rw-r--r--'
Key: 'filename'
	Value: 'film copy 3.csv_1572600364067_0.csv'
Key: 'fragment.count'
	Value: '2'
Key: 'fragment.identifier'
	Value: 'c1ed9476-5fc1-44cc-91c6-983d301916b2'
Key: 'fragment.index'
	Value: '0'
Key: 'mime.type'
	Value: 'text/csv'
Key: 'path'
	Value: '/'
Key: 'record.count'
	Value: '1500'
Key: 'segment.original.filename'
	Value: 'film copy 3.csv'
Key: 'uuid'
	Value: '1f4b0cff-c644-4480-b2d0-c0722c84d695'
--------------------------------------------------
2019-11-01 11:26:04,086 INFO [Timer-Driven Process Thread-5] o.a.n.processors.standard.LogAttribute LogAttribute[id=71f0ec92-822a-3970-3b31-6511db641deb] logging for flow file StandardFlowFileRecord[uuid=19311a07-6c94-4a26-b9f7-dc35a4f1d45c,claim=StandardContentClaim [resourceClaim=StandardResourceClaim[id=1572585321390-2, container=default, section=2], offset=647865, length=48735],offset=0,name=film copy 4.csv_1572600364069_0.csv,size=48735]
--------------------------------------------------
Standard FlowFile Attributes
Key: 'entryDate'
	Value: 'Fri Nov 01 11:26:04 EET 2019'
Key: 'lineageStartDate'
	Value: 'Fri Nov 01 11:26:03 EET 2019'
Key: 'fileSize'
	Value: '48735'
FlowFile Attribute Map Content
Key: 'absolute.path'
	Value: '/Users/ddp/dev/bdp/client2/'
Key: 'file.creationTime'
	Value: '2019-10-31T19:39:20+0200'
Key: 'file.group'
	Value: 'staff'
Key: 'file.lastAccessTime'
	Value: '2019-10-31T20:12:58+0200'
Key: 'file.lastModifiedTime'
	Value: '2019-10-31T19:59:06+0200'
Key: 'file.owner'
	Value: 'ddp'
Key: 'file.permissions'
	Value: 'rw-r--r--'
Key: 'filename'
	Value: 'film copy 4.csv_1572600364069_0.csv'
Key: 'fragment.count'
	Value: '2'
Key: 'fragment.identifier'
	Value: '7f800f83-345a-4ea6-aae7-8ee0d1caf028'
Key: 'fragment.index'
	Value: '0'
Key: 'mime.type'
	Value: 'text/csv'
Key: 'path'
	Value: '/'
Key: 'record.count'
	Value: '1500'
Key: 'segment.original.filename'
	Value: 'film copy 4.csv'
Key: 'uuid'
	Value: '19311a07-6c94-4a26-b9f7-dc35a4f1d45c'
--------------------------------------------------
2019-11-01 11:26:04,098 INFO [Timer-Driven Process Thread-3] o.a.n.processors.standard.LogAttribute LogAttribute[id=71f0ec92-822a-3970-3b31-6511db641deb] logging for flow file StandardFlowFileRecord[uuid=a8c091cf-a9db-49de-807b-95f185ab31e9,claim=StandardContentClaim [resourceClaim=StandardResourceClaim[id=1572585321213-1, container=default, section=1], offset=469044, length=5917],offset=0,name=film copy 2.csv_1572600364080_1.csv,size=5917]
--------------------------------------------------
Standard FlowFile Attributes
Key: 'entryDate'
	Value: 'Fri Nov 01 11:26:04 EET 2019'
Key: 'lineageStartDate'
	Value: 'Fri Nov 01 11:26:03 EET 2019'
Key: 'fileSize'
	Value: '5917'
FlowFile Attribute Map Content
Key: 'absolute.path'
	Value: '/Users/ddp/dev/bdp/client2/'
Key: 'file.creationTime'
	Value: '2019-10-31T19:39:20+0200'
Key: 'file.group'
	Value: 'staff'
Key: 'file.lastAccessTime'
	Value: '2019-11-01T11:26:00+0200'
Key: 'file.lastModifiedTime'
	Value: '2019-10-31T19:59:06+0200'
Key: 'file.owner'
	Value: 'ddp'
Key: 'file.permissions'
	Value: 'rw-r--r--'
Key: 'filename'
	Value: 'film copy 2.csv_1572600364080_1.csv'
Key: 'fragment.count'
	Value: '2'
Key: 'fragment.identifier'
	Value: '2fcf6832-8e95-4a05-a2cf-cb28e8fb2c0a'
Key: 'fragment.index'
	Value: '1'
Key: 'mime.type'
	Value: 'text/csv'
Key: 'path'
	Value: '/'
Key: 'record.count'
	Value: '159'
Key: 'segment.original.filename'
	Value: 'film copy 2.csv'
Key: 'uuid'
	Value: 'a8c091cf-a9db-49de-807b-95f185ab31e9'
--------------------------------------------------
2019-11-01 11:26:04,100 INFO [Timer-Driven Process Thread-3] o.a.n.processors.standard.LogAttribute LogAttribute[id=71f0ec92-822a-3970-3b31-6511db641deb] logging for flow file StandardFlowFileRecord[uuid=856ccffc-0041-4da1-8783-f23c421b0301,claim=StandardContentClaim [resourceClaim=StandardResourceClaim[id=1572585321390-2, container=default, section=2], offset=696600, length=48735],offset=0,name=film copy 2.csv_1572600364081_0.csv,size=48735]
--------------------------------------------------
Standard FlowFile Attributes
Key: 'entryDate'
	Value: 'Fri Nov 01 11:26:04 EET 2019'
Key: 'lineageStartDate'
	Value: 'Fri Nov 01 11:26:03 EET 2019'
Key: 'fileSize'
	Value: '48735'
FlowFile Attribute Map Content
Key: 'absolute.path'
	Value: '/Users/ddp/dev/bdp/client2/'
Key: 'file.creationTime'
	Value: '2019-10-31T19:39:20+0200'
Key: 'file.group'
	Value: 'staff'
Key: 'file.lastAccessTime'
	Value: '2019-11-01T11:26:00+0200'
Key: 'file.lastModifiedTime'
	Value: '2019-10-31T19:59:06+0200'
Key: 'file.owner'
	Value: 'ddp'
Key: 'file.permissions'
	Value: 'rw-r--r--'
Key: 'filename'
	Value: 'film copy 2.csv_1572600364081_0.csv'
Key: 'fragment.count'
	Value: '2'
Key: 'fragment.identifier'
	Value: '2fcf6832-8e95-4a05-a2cf-cb28e8fb2c0a'
Key: 'fragment.index'
	Value: '0'
Key: 'mime.type'
	Value: 'text/csv'
Key: 'path'
	Value: '/'
Key: 'record.count'
	Value: '1500'
Key: 'segment.original.filename'
	Value: 'film copy 2.csv'
Key: 'uuid'
	Value: '856ccffc-0041-4da1-8783-f23c421b0301'
--------------------------------------------------
2019-11-01 11:26:11,965 INFO [Timer-Driven Process Thread-3] o.a.n.processors.standard.LogAttribute LogAttribute[id=43a60441-5302-3848-a051-123b78072bab] logging for flow file StandardFlowFileRecord[uuid=f135d25d-3a58-4ee0-9758-9af79291b33a,claim=StandardContentClaim [resourceClaim=StandardResourceClaim[id=1572585321213-1, container=default, section=1], offset=746755, length=46829],offset=0,name=Location_Dataset copy 4.csv_1572600371944_0.csv,size=46829]
--------------------------------------------------
Standard FlowFile Attributes
Key: 'entryDate'
	Value: 'Fri Nov 01 11:26:11 EET 2019'
Key: 'lineageStartDate'
	Value: 'Fri Nov 01 11:26:11 EET 2019'
Key: 'fileSize'
	Value: '46829'
FlowFile Attribute Map Content
Key: 'absolute.path'
	Value: '/Users/ddp/dev/bdp/client1/'
Key: 'file.creationTime'
	Value: '2019-10-09T00:40:46+0300'
Key: 'file.group'
	Value: 'staff'
Key: 'file.lastAccessTime'
	Value: '2019-11-01T11:26:08+0200'
Key: 'file.lastModifiedTime'
	Value: '2019-10-09T00:40:46+0300'
Key: 'file.owner'
	Value: 'ddp'
Key: 'file.permissions'
	Value: 'rw-r--r--'
Key: 'filename'
	Value: 'Location_Dataset copy 4.csv_1572600371944_0.csv'
Key: 'fragment.count'
	Value: '3'
Key: 'fragment.identifier'
	Value: 'e4ae5999-d822-4c81-84d1-2aa407743cd3'
Key: 'fragment.index'
	Value: '0'
Key: 'mime.type'
	Value: 'text/csv'
Key: 'path'
	Value: '/'
Key: 'record.count'
	Value: '1500'
Key: 'segment.original.filename'
	Value: 'Location_Dataset copy 4.csv'
Key: 'uuid'
	Value: 'f135d25d-3a58-4ee0-9758-9af79291b33a'
--------------------------------------------------
2019-11-01 11:26:11,967 INFO [Timer-Driven Process Thread-3] o.a.n.processors.standard.LogAttribute LogAttribute[id=43a60441-5302-3848-a051-123b78072bab] logging for flow file StandardFlowFileRecord[uuid=5e5d6876-04cc-4393-9c1f-5e8c43770220,claim=StandardContentClaim [resourceClaim=StandardResourceClaim[id=1572600371929-3, container=default, section=3], offset=0, length=46518],offset=0,name=Location_Dataset copy 4.csv_1572600371947_1.csv,size=46518]
--------------------------------------------------
Standard FlowFile Attributes
Key: 'entryDate'
	Value: 'Fri Nov 01 11:26:11 EET 2019'
Key: 'lineageStartDate'
	Value: 'Fri Nov 01 11:26:11 EET 2019'
Key: 'fileSize'
	Value: '46518'
FlowFile Attribute Map Content
Key: 'absolute.path'
	Value: '/Users/ddp/dev/bdp/client1/'
Key: 'file.creationTime'
	Value: '2019-10-09T00:40:46+0300'
Key: 'file.group'
	Value: 'staff'
Key: 'file.lastAccessTime'
	Value: '2019-11-01T11:26:08+0200'
Key: 'file.lastModifiedTime'
	Value: '2019-10-09T00:40:46+0300'
Key: 'file.owner'
	Value: 'ddp'
Key: 'file.permissions'
	Value: 'rw-r--r--'
Key: 'filename'
	Value: 'Location_Dataset copy 4.csv_1572600371947_1.csv'
Key: 'fragment.count'
	Value: '3'
Key: 'fragment.identifier'
	Value: 'e4ae5999-d822-4c81-84d1-2aa407743cd3'
Key: 'fragment.index'
	Value: '1'
Key: 'mime.type'
	Value: 'text/csv'
Key: 'path'
	Value: '/'
Key: 'record.count'
	Value: '1500'
Key: 'segment.original.filename'
	Value: 'Location_Dataset copy 4.csv'
Key: 'uuid'
	Value: '5e5d6876-04cc-4393-9c1f-5e8c43770220'
--------------------------------------------------
2019-11-01 11:26:11,970 INFO [Timer-Driven Process Thread-3] o.a.n.processors.standard.LogAttribute LogAttribute[id=43a60441-5302-3848-a051-123b78072bab] logging for flow file StandardFlowFileRecord[uuid=98109239-3590-49df-926d-fd0103855b3d,claim=StandardContentClaim [resourceClaim=StandardResourceClaim[id=1572600371932-4, container=default, section=4], offset=0, length=38447],offset=0,name=Location_Dataset copy 4.csv_1572600371948_2.csv,size=38447]
--------------------------------------------------
Standard FlowFile Attributes
Key: 'entryDate'
	Value: 'Fri Nov 01 11:26:11 EET 2019'
Key: 'lineageStartDate'
	Value: 'Fri Nov 01 11:26:11 EET 2019'
Key: 'fileSize'
	Value: '38447'
FlowFile Attribute Map Content
Key: 'absolute.path'
	Value: '/Users/ddp/dev/bdp/client1/'
Key: 'file.creationTime'
	Value: '2019-10-09T00:40:46+0300'
Key: 'file.group'
	Value: 'staff'
Key: 'file.lastAccessTime'
	Value: '2019-11-01T11:26:08+0200'
Key: 'file.lastModifiedTime'
	Value: '2019-10-09T00:40:46+0300'
Key: 'file.owner'
	Value: 'ddp'
Key: 'file.permissions'
	Value: 'rw-r--r--'
Key: 'filename'
	Value: 'Location_Dataset copy 4.csv_1572600371948_2.csv'
Key: 'fragment.count'
	Value: '3'
Key: 'fragment.identifier'
	Value: 'e4ae5999-d822-4c81-84d1-2aa407743cd3'
Key: 'fragment.index'
	Value: '2'
Key: 'mime.type'
	Value: 'text/csv'
Key: 'path'
	Value: '/'
Key: 'record.count'
	Value: '1160'
Key: 'segment.original.filename'
	Value: 'Location_Dataset copy 4.csv'
Key: 'uuid'
	Value: '98109239-3590-49df-926d-fd0103855b3d'
--------------------------------------------------
2019-11-01 11:26:11,974 INFO [Timer-Driven Process Thread-3] o.a.n.processors.standard.LogAttribute LogAttribute[id=43a60441-5302-3848-a051-123b78072bab] logging for flow file StandardFlowFileRecord[uuid=b34b4bab-f6ba-4192-88ac-4e82dcc538b6,claim=StandardContentClaim [resourceClaim=StandardResourceClaim[id=1572585321213-1, container=default, section=1], offset=793584, length=46829],offset=0,name=Location_Dataset copy 6.csv_1572600371959_0.csv,size=46829]
--------------------------------------------------
Standard FlowFile Attributes
Key: 'entryDate'
	Value: 'Fri Nov 01 11:26:11 EET 2019'
Key: 'lineageStartDate'
	Value: 'Fri Nov 01 11:26:11 EET 2019'
Key: 'fileSize'
	Value: '46829'
FlowFile Attribute Map Content
Key: 'absolute.path'
	Value: '/Users/ddp/dev/bdp/client1/'
Key: 'file.creationTime'
	Value: '2019-10-09T00:40:46+0300'
Key: 'file.group'
	Value: 'staff'
Key: 'file.lastAccessTime'
	Value: '2019-11-01T11:26:11+0200'
Key: 'file.lastModifiedTime'
	Value: '2019-10-09T00:40:46+0300'
Key: 'file.owner'
	Value: 'ddp'
Key: 'file.permissions'
	Value: 'rw-r--r--'
Key: 'filename'
	Value: 'Location_Dataset copy 6.csv_1572600371959_0.csv'
Key: 'fragment.count'
	Value: '3'
Key: 'fragment.identifier'
	Value: '9fee4b1d-bc8a-4ff2-9b19-81601fc21190'
Key: 'fragment.index'
	Value: '0'
Key: 'mime.type'
	Value: 'text/csv'
Key: 'path'
	Value: '/'
Key: 'record.count'
	Value: '1500'
Key: 'segment.original.filename'
	Value: 'Location_Dataset copy 6.csv'
Key: 'uuid'
	Value: 'b34b4bab-f6ba-4192-88ac-4e82dcc538b6'
--------------------------------------------------
2019-11-01 11:26:11,989 INFO [Timer-Driven Process Thread-4] o.a.n.processors.standard.LogAttribute LogAttribute[id=43a60441-5302-3848-a051-123b78072bab] logging for flow file StandardFlowFileRecord[uuid=4165824f-faee-4cef-8b14-464f11244ada,claim=StandardContentClaim [resourceClaim=StandardResourceClaim[id=1572585321213-1, container=default, section=1], offset=840413, length=46829],offset=0,name=Location_Dataset copy 5.csv_1572600371971_0.csv,size=46829]
--------------------------------------------------
Standard FlowFile Attributes
Key: 'entryDate'
	Value: 'Fri Nov 01 11:26:11 EET 2019'
Key: 'lineageStartDate'
	Value: 'Fri Nov 01 11:26:11 EET 2019'
Key: 'fileSize'
	Value: '46829'
FlowFile Attribute Map Content
Key: 'absolute.path'
	Value: '/Users/ddp/dev/bdp/client1/'
Key: 'file.creationTime'
	Value: '2019-10-09T00:40:46+0300'
Key: 'file.group'
	Value: 'staff'
Key: 'file.lastAccessTime'
	Value: '2019-11-01T11:26:11+0200'
Key: 'file.lastModifiedTime'
	Value: '2019-10-09T00:40:46+0300'
Key: 'file.owner'
	Value: 'ddp'
Key: 'file.permissions'
	Value: 'rw-r--r--'
Key: 'filename'
	Value: 'Location_Dataset copy 5.csv_1572600371971_0.csv'
Key: 'fragment.count'
	Value: '3'
Key: 'fragment.identifier'
	Value: 'c19bdb40-f994-4fc8-a461-0eca71d0453d'
Key: 'fragment.index'
	Value: '0'
Key: 'mime.type'
	Value: 'text/csv'
Key: 'path'
	Value: '/'
Key: 'record.count'
	Value: '1500'
Key: 'segment.original.filename'
	Value: 'Location_Dataset copy 5.csv'
Key: 'uuid'
	Value: '4165824f-faee-4cef-8b14-464f11244ada'
--------------------------------------------------
2019-11-01 11:26:11,992 INFO [Timer-Driven Process Thread-4] o.a.n.processors.standard.LogAttribute LogAttribute[id=43a60441-5302-3848-a051-123b78072bab] logging for flow file StandardFlowFileRecord[uuid=e7e459b6-535d-438d-a834-b7a31ddacfe4,claim=StandardContentClaim [resourceClaim=StandardResourceClaim[id=1572585321213-1, container=default, section=1], offset=887242, length=46829],offset=0,name=Location_Dataset copy 2.csv_1572600371985_0.csv,size=46829]
--------------------------------------------------
Standard FlowFile Attributes
Key: 'entryDate'
	Value: 'Fri Nov 01 11:26:11 EET 2019'
Key: 'lineageStartDate'
	Value: 'Fri Nov 01 11:26:11 EET 2019'
Key: 'fileSize'
	Value: '46829'
FlowFile Attribute Map Content
Key: 'absolute.path'
	Value: '/Users/ddp/dev/bdp/client1/'
Key: 'file.creationTime'
	Value: '2019-10-09T00:40:46+0300'
Key: 'file.group'
	Value: 'staff'
Key: 'file.lastAccessTime'
	Value: '2019-11-01T11:26:06+0200'
Key: 'file.lastModifiedTime'
	Value: '2019-10-09T00:40:46+0300'
Key: 'file.owner'
	Value: 'ddp'
Key: 'file.permissions'
	Value: 'rw-r--r--'
Key: 'filename'
	Value: 'Location_Dataset copy 2.csv_1572600371985_0.csv'
Key: 'fragment.count'
	Value: '3'
Key: 'fragment.identifier'
	Value: 'c4244fd3-156f-4eb1-b3c0-eecfe88ad018'
Key: 'fragment.index'
	Value: '0'
Key: 'mime.type'
	Value: 'text/csv'
Key: 'path'
	Value: '/'
Key: 'record.count'
	Value: '1500'
Key: 'segment.original.filename'
	Value: 'Location_Dataset copy 2.csv'
Key: 'uuid'
	Value: 'e7e459b6-535d-438d-a834-b7a31ddacfe4'
--------------------------------------------------
2019-11-01 11:26:11,993 INFO [Timer-Driven Process Thread-4] o.a.n.processors.standard.LogAttribute LogAttribute[id=43a60441-5302-3848-a051-123b78072bab] logging for flow file StandardFlowFileRecord[uuid=20ac0491-6079-4106-a57b-96be8a0235b5,claim=StandardContentClaim [resourceClaim=StandardResourceClaim[id=1572600371929-3, container=default, section=3], offset=46518, length=38447],offset=0,name=Location_Dataset copy 6.csv_1572600371960_2.csv,size=38447]
--------------------------------------------------
Standard FlowFile Attributes
Key: 'entryDate'
	Value: 'Fri Nov 01 11:26:11 EET 2019'
Key: 'lineageStartDate'
	Value: 'Fri Nov 01 11:26:11 EET 2019'
Key: 'fileSize'
	Value: '38447'
FlowFile Attribute Map Content
Key: 'absolute.path'
	Value: '/Users/ddp/dev/bdp/client1/'
Key: 'file.creationTime'
	Value: '2019-10-09T00:40:46+0300'
Key: 'file.group'
	Value: 'staff'
Key: 'file.lastAccessTime'
	Value: '2019-11-01T11:26:11+0200'
Key: 'file.lastModifiedTime'
	Value: '2019-10-09T00:40:46+0300'
Key: 'file.owner'
	Value: 'ddp'
Key: 'file.permissions'
	Value: 'rw-r--r--'
Key: 'filename'
	Value: 'Location_Dataset copy 6.csv_1572600371960_2.csv'
Key: 'fragment.count'
	Value: '3'
Key: 'fragment.identifier'
	Value: '9fee4b1d-bc8a-4ff2-9b19-81601fc21190'
Key: 'fragment.index'
	Value: '2'
Key: 'mime.type'
	Value: 'text/csv'
Key: 'path'
	Value: '/'
Key: 'record.count'
	Value: '1160'
Key: 'segment.original.filename'
	Value: 'Location_Dataset copy 6.csv'
Key: 'uuid'
	Value: '20ac0491-6079-4106-a57b-96be8a0235b5'
--------------------------------------------------
2019-11-01 11:26:11,995 INFO [Timer-Driven Process Thread-4] o.a.n.processors.standard.LogAttribute LogAttribute[id=43a60441-5302-3848-a051-123b78072bab] logging for flow file StandardFlowFileRecord[uuid=d273ac48-4d7a-4b90-aa94-cd51dfb3b4ec,claim=StandardContentClaim [resourceClaim=StandardResourceClaim[id=1572600371929-3, container=default, section=3], offset=84965, length=38447],offset=0,name=Location_Dataset copy 5.csv_1572600371972_2.csv,size=38447]
--------------------------------------------------
Standard FlowFile Attributes
Key: 'entryDate'
	Value: 'Fri Nov 01 11:26:11 EET 2019'
Key: 'lineageStartDate'
	Value: 'Fri Nov 01 11:26:11 EET 2019'
Key: 'fileSize'
	Value: '38447'
FlowFile Attribute Map Content
Key: 'absolute.path'
	Value: '/Users/ddp/dev/bdp/client1/'
Key: 'file.creationTime'
	Value: '2019-10-09T00:40:46+0300'
Key: 'file.group'
	Value: 'staff'
Key: 'file.lastAccessTime'
	Value: '2019-11-01T11:26:11+0200'
Key: 'file.lastModifiedTime'
	Value: '2019-10-09T00:40:46+0300'
Key: 'file.owner'
	Value: 'ddp'
Key: 'file.permissions'
	Value: 'rw-r--r--'
Key: 'filename'
	Value: 'Location_Dataset copy 5.csv_1572600371972_2.csv'
Key: 'fragment.count'
	Value: '3'
Key: 'fragment.identifier'
	Value: 'c19bdb40-f994-4fc8-a461-0eca71d0453d'
Key: 'fragment.index'
	Value: '2'
Key: 'mime.type'
	Value: 'text/csv'
Key: 'path'
	Value: '/'
Key: 'record.count'
	Value: '1160'
Key: 'segment.original.filename'
	Value: 'Location_Dataset copy 5.csv'
Key: 'uuid'
	Value: 'd273ac48-4d7a-4b90-aa94-cd51dfb3b4ec'
--------------------------------------------------
2019-11-01 11:26:11,996 INFO [Timer-Driven Process Thread-4] o.a.n.processors.standard.LogAttribute LogAttribute[id=43a60441-5302-3848-a051-123b78072bab] logging for flow file StandardFlowFileRecord[uuid=18cfe2d7-7eab-455b-82e1-913f6e33ea91,claim=StandardContentClaim [resourceClaim=StandardResourceClaim[id=1572600371929-3, container=default, section=3], offset=123412, length=38447],offset=0,name=Location_Dataset copy 2.csv_1572600371989_2.csv,size=38447]
--------------------------------------------------
Standard FlowFile Attributes
Key: 'entryDate'
	Value: 'Fri Nov 01 11:26:11 EET 2019'
Key: 'lineageStartDate'
	Value: 'Fri Nov 01 11:26:11 EET 2019'
Key: 'fileSize'
	Value: '38447'
FlowFile Attribute Map Content
Key: 'absolute.path'
	Value: '/Users/ddp/dev/bdp/client1/'
Key: 'file.creationTime'
	Value: '2019-10-09T00:40:46+0300'
Key: 'file.group'
	Value: 'staff'
Key: 'file.lastAccessTime'
	Value: '2019-11-01T11:26:06+0200'
Key: 'file.lastModifiedTime'
	Value: '2019-10-09T00:40:46+0300'
Key: 'file.owner'
	Value: 'ddp'
Key: 'file.permissions'
	Value: 'rw-r--r--'
Key: 'filename'
	Value: 'Location_Dataset copy 2.csv_1572600371989_2.csv'
Key: 'fragment.count'
	Value: '3'
Key: 'fragment.identifier'
	Value: 'c4244fd3-156f-4eb1-b3c0-eecfe88ad018'
Key: 'fragment.index'
	Value: '2'
Key: 'mime.type'
	Value: 'text/csv'
Key: 'path'
	Value: '/'
Key: 'record.count'
	Value: '1160'
Key: 'segment.original.filename'
	Value: 'Location_Dataset copy 2.csv'
Key: 'uuid'
	Value: '18cfe2d7-7eab-455b-82e1-913f6e33ea91'
--------------------------------------------------
2019-11-01 11:26:11,997 INFO [Timer-Driven Process Thread-2] o.a.n.processors.standard.LogAttribute LogAttribute[id=43a60441-5302-3848-a051-123b78072bab] logging for flow file StandardFlowFileRecord[uuid=ba33826b-1ed8-45bd-9953-8d0c8c113816,claim=StandardContentClaim [resourceClaim=StandardResourceClaim[id=1572600371932-4, container=default, section=4], offset=38447, length=46518],offset=0,name=Location_Dataset copy 6.csv_1572600371961_1.csv,size=46518]
--------------------------------------------------
Standard FlowFile Attributes
Key: 'entryDate'
	Value: 'Fri Nov 01 11:26:11 EET 2019'
Key: 'lineageStartDate'
	Value: 'Fri Nov 01 11:26:11 EET 2019'
Key: 'fileSize'
	Value: '46518'
FlowFile Attribute Map Content
Key: 'absolute.path'
	Value: '/Users/ddp/dev/bdp/client1/'
Key: 'file.creationTime'
	Value: '2019-10-09T00:40:46+0300'
Key: 'file.group'
	Value: 'staff'
Key: 'file.lastAccessTime'
	Value: '2019-11-01T11:26:11+0200'
Key: 'file.lastModifiedTime'
	Value: '2019-10-09T00:40:46+0300'
Key: 'file.owner'
	Value: 'ddp'
Key: 'file.permissions'
	Value: 'rw-r--r--'
Key: 'filename'
	Value: 'Location_Dataset copy 6.csv_1572600371961_1.csv'
Key: 'fragment.count'
	Value: '3'
Key: 'fragment.identifier'
	Value: '9fee4b1d-bc8a-4ff2-9b19-81601fc21190'
Key: 'fragment.index'
	Value: '1'
Key: 'mime.type'
	Value: 'text/csv'
Key: 'path'
	Value: '/'
Key: 'record.count'
	Value: '1500'
Key: 'segment.original.filename'
	Value: 'Location_Dataset copy 6.csv'
Key: 'uuid'
	Value: 'ba33826b-1ed8-45bd-9953-8d0c8c113816'
--------------------------------------------------
2019-11-01 11:26:11,999 INFO [Timer-Driven Process Thread-9] o.a.n.processors.standard.LogAttribute LogAttribute[id=43a60441-5302-3848-a051-123b78072bab] logging for flow file StandardFlowFileRecord[uuid=84ea0289-32f5-4551-a2b2-45a7518dcde0,claim=StandardContentClaim [resourceClaim=StandardResourceClaim[id=1572600371932-4, container=default, section=4], offset=84965, length=46518],offset=0,name=Location_Dataset copy 5.csv_1572600371973_1.csv,size=46518]
--------------------------------------------------
Standard FlowFile Attributes
Key: 'entryDate'
	Value: 'Fri Nov 01 11:26:11 EET 2019'
Key: 'lineageStartDate'
	Value: 'Fri Nov 01 11:26:11 EET 2019'
Key: 'fileSize'
	Value: '46518'
FlowFile Attribute Map Content
Key: 'absolute.path'
	Value: '/Users/ddp/dev/bdp/client1/'
Key: 'file.creationTime'
	Value: '2019-10-09T00:40:46+0300'
Key: 'file.group'
	Value: 'staff'
Key: 'file.lastAccessTime'
	Value: '2019-11-01T11:26:11+0200'
Key: 'file.lastModifiedTime'
	Value: '2019-10-09T00:40:46+0300'
Key: 'file.owner'
	Value: 'ddp'
Key: 'file.permissions'
	Value: 'rw-r--r--'
Key: 'filename'
	Value: 'Location_Dataset copy 5.csv_1572600371973_1.csv'
Key: 'fragment.count'
	Value: '3'
Key: 'fragment.identifier'
	Value: 'c19bdb40-f994-4fc8-a461-0eca71d0453d'
Key: 'fragment.index'
	Value: '1'
Key: 'mime.type'
	Value: 'text/csv'
Key: 'path'
	Value: '/'
Key: 'record.count'
	Value: '1500'
Key: 'segment.original.filename'
	Value: 'Location_Dataset copy 5.csv'
Key: 'uuid'
	Value: '84ea0289-32f5-4551-a2b2-45a7518dcde0'
--------------------------------------------------
2019-11-01 11:26:11,999 INFO [Timer-Driven Process Thread-5] o.a.n.processors.standard.LogAttribute LogAttribute[id=43a60441-5302-3848-a051-123b78072bab] logging for flow file StandardFlowFileRecord[uuid=3ade1510-b7fa-4155-931a-bb4ecbc09464,claim=StandardContentClaim [resourceClaim=StandardResourceClaim[id=1572600371932-4, container=default, section=4], offset=131483, length=46518],offset=0,name=Location_Dataset copy 2.csv_1572600371991_1.csv,size=46518]
--------------------------------------------------
Standard FlowFile Attributes
Key: 'entryDate'
	Value: 'Fri Nov 01 11:26:11 EET 2019'
Key: 'lineageStartDate'
	Value: 'Fri Nov 01 11:26:11 EET 2019'
Key: 'fileSize'
	Value: '46518'
FlowFile Attribute Map Content
Key: 'absolute.path'
	Value: '/Users/ddp/dev/bdp/client1/'
Key: 'file.creationTime'
	Value: '2019-10-09T00:40:46+0300'
Key: 'file.group'
	Value: 'staff'
Key: 'file.lastAccessTime'
	Value: '2019-11-01T11:26:06+0200'
Key: 'file.lastModifiedTime'
	Value: '2019-10-09T00:40:46+0300'
Key: 'file.owner'
	Value: 'ddp'
Key: 'file.permissions'
	Value: 'rw-r--r--'
Key: 'filename'
	Value: 'Location_Dataset copy 2.csv_1572600371991_1.csv'
Key: 'fragment.count'
	Value: '3'
Key: 'fragment.identifier'
	Value: 'c4244fd3-156f-4eb1-b3c0-eecfe88ad018'
Key: 'fragment.index'
	Value: '1'
Key: 'mime.type'
	Value: 'text/csv'
Key: 'path'
	Value: '/'
Key: 'record.count'
	Value: '1500'
Key: 'segment.original.filename'
	Value: 'Location_Dataset copy 2.csv'
Key: 'uuid'
	Value: '3ade1510-b7fa-4155-931a-bb4ecbc09464'
--------------------------------------------------
2019-11-01 11:26:12,021 INFO [Timer-Driven Process Thread-3] o.a.n.processors.standard.LogAttribute LogAttribute[id=43a60441-5302-3848-a051-123b78072bab] logging for flow file StandardFlowFileRecord[uuid=efce65d9-9fce-4544-8ccc-a131e2dc9a16,claim=StandardContentClaim [resourceClaim=StandardResourceClaim[id=1572585321213-1, container=default, section=1], offset=934071, length=46829],offset=0,name=Location_Dataset copy 3.csv_1572600372011_0.csv,size=46829]
--------------------------------------------------
Standard FlowFile Attributes
Key: 'entryDate'
	Value: 'Fri Nov 01 11:26:11 EET 2019'
Key: 'lineageStartDate'
	Value: 'Fri Nov 01 11:26:11 EET 2019'
Key: 'fileSize'
	Value: '46829'
FlowFile Attribute Map Content
Key: 'absolute.path'
	Value: '/Users/ddp/dev/bdp/client1/'
Key: 'file.creationTime'
	Value: '2019-10-09T00:40:46+0300'
Key: 'file.group'
	Value: 'staff'
Key: 'file.lastAccessTime'
	Value: '2019-11-01T11:26:08+0200'
Key: 'file.lastModifiedTime'
	Value: '2019-10-09T00:40:46+0300'
Key: 'file.owner'
	Value: 'ddp'
Key: 'file.permissions'
	Value: 'rw-r--r--'
Key: 'filename'
	Value: 'Location_Dataset copy 3.csv_1572600372011_0.csv'
Key: 'fragment.count'
	Value: '3'
Key: 'fragment.identifier'
	Value: '32ba3ede-952f-47aa-8227-effabdc0e979'
Key: 'fragment.index'
	Value: '0'
Key: 'mime.type'
	Value: 'text/csv'
Key: 'path'
	Value: '/'
Key: 'record.count'
	Value: '1500'
Key: 'segment.original.filename'
	Value: 'Location_Dataset copy 3.csv'
Key: 'uuid'
	Value: 'efce65d9-9fce-4544-8ccc-a131e2dc9a16'
--------------------------------------------------
2019-11-01 11:26:12,022 INFO [Timer-Driven Process Thread-6] o.a.n.processors.standard.LogAttribute LogAttribute[id=43a60441-5302-3848-a051-123b78072bab] logging for flow file StandardFlowFileRecord[uuid=8be2ccc7-b4a9-43c6-9419-4821d48be40a,claim=StandardContentClaim [resourceClaim=StandardResourceClaim[id=1572600371929-3, container=default, section=3], offset=161859, length=38447],offset=0,name=Location_Dataset copy 3.csv_1572600372012_2.csv,size=38447]
--------------------------------------------------
Standard FlowFile Attributes
Key: 'entryDate'
	Value: 'Fri Nov 01 11:26:12 EET 2019'
Key: 'lineageStartDate'
	Value: 'Fri Nov 01 11:26:11 EET 2019'
Key: 'fileSize'
	Value: '38447'
FlowFile Attribute Map Content
Key: 'absolute.path'
	Value: '/Users/ddp/dev/bdp/client1/'
Key: 'file.creationTime'
	Value: '2019-10-09T00:40:46+0300'
Key: 'file.group'
	Value: 'staff'
Key: 'file.lastAccessTime'
	Value: '2019-11-01T11:26:08+0200'
Key: 'file.lastModifiedTime'
	Value: '2019-10-09T00:40:46+0300'
Key: 'file.owner'
	Value: 'ddp'
Key: 'file.permissions'
	Value: 'rw-r--r--'
Key: 'filename'
	Value: 'Location_Dataset copy 3.csv_1572600372012_2.csv'
Key: 'fragment.count'
	Value: '3'
Key: 'fragment.identifier'
	Value: '32ba3ede-952f-47aa-8227-effabdc0e979'
Key: 'fragment.index'
	Value: '2'
Key: 'mime.type'
	Value: 'text/csv'
Key: 'path'
	Value: '/'
Key: 'record.count'
	Value: '1160'
Key: 'segment.original.filename'
	Value: 'Location_Dataset copy 3.csv'
Key: 'uuid'
	Value: '8be2ccc7-b4a9-43c6-9419-4821d48be40a'
--------------------------------------------------
2019-11-01 11:26:12,023 INFO [Timer-Driven Process Thread-6] o.a.n.processors.standard.LogAttribute LogAttribute[id=43a60441-5302-3848-a051-123b78072bab] logging for flow file StandardFlowFileRecord[uuid=df7289f9-bbff-4e25-9729-b3076505ecad,claim=StandardContentClaim [resourceClaim=StandardResourceClaim[id=1572600371932-4, container=default, section=4], offset=178001, length=46518],offset=0,name=Location_Dataset copy 3.csv_1572600372013_1.csv,size=46518]
--------------------------------------------------
Standard FlowFile Attributes
Key: 'entryDate'
	Value: 'Fri Nov 01 11:26:11 EET 2019'
Key: 'lineageStartDate'
	Value: 'Fri Nov 01 11:26:11 EET 2019'
Key: 'fileSize'
	Value: '46518'
FlowFile Attribute Map Content
Key: 'absolute.path'
	Value: '/Users/ddp/dev/bdp/client1/'
Key: 'file.creationTime'
	Value: '2019-10-09T00:40:46+0300'
Key: 'file.group'
	Value: 'staff'
Key: 'file.lastAccessTime'
	Value: '2019-11-01T11:26:08+0200'
Key: 'file.lastModifiedTime'
	Value: '2019-10-09T00:40:46+0300'
Key: 'file.owner'
	Value: 'ddp'
Key: 'file.permissions'
	Value: 'rw-r--r--'
Key: 'filename'
	Value: 'Location_Dataset copy 3.csv_1572600372013_1.csv'
Key: 'fragment.count'
	Value: '3'
Key: 'fragment.identifier'
	Value: '32ba3ede-952f-47aa-8227-effabdc0e979'
Key: 'fragment.index'
	Value: '1'
Key: 'mime.type'
	Value: 'text/csv'
Key: 'path'
	Value: '/'
Key: 'record.count'
	Value: '1500'
Key: 'segment.original.filename'
	Value: 'Location_Dataset copy 3.csv'
Key: 'uuid'
	Value: 'df7289f9-bbff-4e25-9729-b3076505ecad'
--------------------------------------------------
